[14:16:54] [main/INFO]: Setting user: Player68
[14:16:55] [Client thread/INFO]: LWJGL Version: 2.9.1
[14:17:00] [Client thread/INFO]: Reloading ResourceManager: Default, FMLFileResourcePack:Forge Mod Loader, FMLFileResourcePack:Minecraft Forge, FMLFileResourcePack:Strings & Things
[14:17:01] [Sound Library Loader/INFO]: Sound engine started
[14:17:03] [Client thread/INFO]: Created: 512x256 textures/blocks-atlas
[14:17:04] [Client thread/INFO]: Created: 256x256 textures/items-atlas
[14:17:04] [Client thread/INFO]: Reloading ResourceManager: Default, FMLFileResourcePack:Forge Mod Loader, FMLFileResourcePack:Minecraft Forge, FMLFileResourcePack:Strings & Things
[14:17:04] [Client thread/INFO]: Created: 512x256 textures/blocks-atlas
[14:17:04] [Client thread/INFO]: Created: 256x256 textures/items-atlas
[14:17:05] [Sound Library Loader/INFO]: Sound engine started
[14:17:11] [Server thread/INFO]: Starting integrated minecraft server version 1.7.10
[14:17:11] [Server thread/INFO]: Generating keypair
[14:17:12] [Server thread/INFO]: Preparing start region for level 0
[14:17:13] [Server thread/INFO]: Preparing spawn area: 69%
[14:17:13] [Server thread/INFO]: Changing view distance to 8, from 10
[14:17:14] [Server thread/INFO]: Player68[local:E:910b44aa] logged in with entity id 439 at (-134.32967851184685, 72.0, 244.96962046491245)
[14:17:14] [Server thread/INFO]: Player68 joined the game
[14:17:24] [Server thread/INFO]: Player68 has just earned the achievement [Taking Inventory]
[14:17:24] [Client thread/INFO]: [CHAT] Player68 has just earned the achievement [Taking Inventory]
[14:17:27] [Server thread/INFO]: [Player68: Given [Experience Pearl] * 1 to Player68]
[14:17:27] [Client thread/INFO]: [CHAT] Given [Experience Pearl] * 1 to Player68
[14:17:29] [Server thread/INFO]: <Player68> -1 : charge is now10
[14:17:29] [Client thread/INFO]: [CHAT] <Player68> -1 : charge is now10
[14:17:30] [Server thread/INFO]: <Player68> -1 : charge is now9
[14:17:30] [Client thread/INFO]: [CHAT] <Player68> -1 : charge is now9
[14:17:31] [Server thread/INFO]: <Player68> -1 : charge is now8
[14:17:31] [Client thread/INFO]: [CHAT] <Player68> -1 : charge is now8
[14:17:32] [Server thread/INFO]: <Player68> -1 : charge is now7
[14:17:32] [Server thread/INFO]: Player68 hit the ground too hard
[14:17:32] [Client thread/INFO]: [CHAT] <Player68> -1 : charge is now7
[14:17:32] [Client thread/INFO]: [CHAT] Player68 hit the ground too hard
[14:17:35] [Server thread/INFO]: <Player68> -1 : charge is now6
[14:17:35] [Client thread/INFO]: [CHAT] <Player68> -1 : charge is now6
[14:17:36] [Server thread/INFO]: <Player68> -1 : charge is now5
[14:17:36] [Client thread/INFO]: [CHAT] <Player68> -1 : charge is now5
[14:17:38] [Server thread/INFO]: <Player68> -1 : charge is now4
[14:17:38] [Client thread/INFO]: [CHAT] <Player68> -1 : charge is now4
[14:17:38] [Server thread/INFO]: <Player68> -1 : charge is now3
[14:17:38] [Client thread/INFO]: [CHAT] <Player68> -1 : charge is now3
[14:17:39] [Server thread/INFO]: <Player68> -1 : charge is now2
[14:17:39] [Client thread/INFO]: [CHAT] <Player68> -1 : charge is now2
[14:17:40] [Server thread/INFO]: <Player68> -1 : charge is now1
[14:17:40] [Client thread/INFO]: [CHAT] <Player68> -1 : charge is now1
[14:17:43] [Server thread/INFO]: Player68 fell from a high place
[14:17:43] [Client thread/INFO]: [CHAT] Player68 fell from a high place
[14:17:48] [Server thread/INFO]: <Player68> +1 : charge is now0
[14:17:48] [Client thread/INFO]: [CHAT] <Player68> +1 : charge is now0
[14:17:49] [Server thread/INFO]: <Player68> -1 : charge is now2
[14:17:49] [Client thread/INFO]: [CHAT] <Player68> -1 : charge is now2
[14:17:51] [Server thread/INFO]: <Player68> -1 : charge is now1
[14:17:51] [Client thread/INFO]: [CHAT] <Player68> -1 : charge is now1
[14:17:54] [Server thread/INFO]: <Player68> +1 : charge is now0
[14:17:54] [Client thread/INFO]: [CHAT] <Player68> +1 : charge is now0
[14:17:57] [Server thread/INFO]: <Player68> -1 : charge is now2
[14:17:57] [Client thread/INFO]: [CHAT] <Player68> -1 : charge is now2
[14:17:58] [Server thread/INFO]: <Player68> -1 : charge is now1
[14:17:58] [Client thread/INFO]: [CHAT] <Player68> -1 : charge is now1
[14:17:59] [Server thread/INFO]: Player68 suffocated in a wall
[14:17:59] [Client thread/INFO]: [CHAT] Player68 suffocated in a wall
[14:18:04] [Server thread/INFO]: <Player68> +1 : charge is now0
[14:18:04] [Client thread/INFO]: [CHAT] <Player68> +1 : charge is now0
[14:18:09] [Server thread/INFO]: <Player68> +1 : charge is now2
[14:18:09] [Client thread/INFO]: [CHAT] <Player68> +1 : charge is now2
[14:18:10] [Server thread/INFO]: <Player68> -1 : charge is now4
[14:18:10] [Client thread/INFO]: [CHAT] <Player68> -1 : charge is now4
[14:18:14] [Server thread/INFO]: <Player68> -1 : charge is now3
[14:18:14] [Client thread/INFO]: [CHAT] <Player68> -1 : charge is now3
[14:18:15] [Server thread/INFO]: <Player68> -1 : charge is now2
[14:18:15] [Client thread/INFO]: [CHAT] <Player68> -1 : charge is now2
[14:18:16] [Server thread/INFO]: <Player68> -1 : charge is now1
[14:18:16] [Client thread/INFO]: [CHAT] <Player68> -1 : charge is now1
[14:18:22] [Client thread/INFO]: Warning: Clientside chunk ticking took 141 ms
[14:18:26] [Server thread/INFO]: <Player68> +1 : charge is now0
[14:18:26] [Client thread/INFO]: [CHAT] <Player68> +1 : charge is now0
[14:18:27] [Server thread/INFO]: <Player68> +1 : charge is now2
[14:18:27] [Client thread/INFO]: [CHAT] <Player68> +1 : charge is now2
[14:18:27] [Server thread/INFO]: <Player68> +1 : charge is now4
[14:18:27] [Client thread/INFO]: [CHAT] <Player68> +1 : charge is now4
[14:18:28] [Client thread/INFO]: Warning: Clientside chunk ticking took 144 ms
[14:18:28] [Server thread/INFO]: <Player68> +1 : charge is now6
[14:18:28] [Client thread/INFO]: [CHAT] <Player68> +1 : charge is now6
[14:18:29] [Server thread/INFO]: <Player68> +1 : charge is now8
[14:18:29] [Client thread/INFO]: [CHAT] <Player68> +1 : charge is now8
[14:18:31] [Server thread/INFO]: <Player68> -1 : charge is now10
[14:18:31] [Client thread/INFO]: [CHAT] <Player68> -1 : charge is now10
[14:18:32] [Server thread/INFO]: <Player68> -1 : charge is now9
[14:18:32] [Client thread/INFO]: [CHAT] <Player68> -1 : charge is now9
[14:18:32] [Server thread/INFO]: <Player68> -1 : charge is now8
[14:18:33] [Client thread/INFO]: [CHAT] <Player68> -1 : charge is now8
[14:18:33] [Server thread/INFO]: <Player68> -1 : charge is now7
[14:18:33] [Client thread/INFO]: [CHAT] <Player68> -1 : charge is now7
[14:18:33] [Server thread/INFO]: <Player68> -1 : charge is now6
[14:18:33] [Client thread/INFO]: [CHAT] <Player68> -1 : charge is now6
[14:18:34] [Server thread/INFO]: <Player68> -1 : charge is now5
[14:18:34] [Client thread/INFO]: [CHAT] <Player68> -1 : charge is now5
[14:18:34] [Server thread/INFO]: Player68 hit the ground too hard
[14:18:34] [Client thread/INFO]: [CHAT] Player68 hit the ground too hard
[14:18:34] [Server thread/INFO]: <Player68> -1 : charge is now4
[14:18:34] [Client thread/INFO]: [CHAT] <Player68> -1 : charge is now4
[14:18:35] [Client thread/INFO]: Warning: Clientside chunk ticking took 272 ms
[14:18:35] [Client thread/INFO]: Warning: Clientside chunk ticking took 572 ms
[14:18:39] [Server thread/INFO]: <Player68> -1 : charge is now3
[14:18:39] [Client thread/INFO]: [CHAT] <Player68> -1 : charge is now3
[14:18:39] [Server thread/INFO]: <Player68> -1 : charge is now2
[14:18:39] [Client thread/INFO]: [CHAT] <Player68> -1 : charge is now2
[14:18:40] [Server thread/INFO]: <Player68> -1 : charge is now1
[14:18:40] [Client thread/INFO]: [CHAT] <Player68> -1 : charge is now1
[14:18:43] [Server thread/INFO]: <Player68> +1 : charge is now0
[14:18:43] [Client thread/INFO]: [CHAT] <Player68> +1 : charge is now0
[14:18:43] [Server thread/INFO]: <Player68> +1 : charge is now2
[14:18:43] [Client thread/INFO]: [CHAT] <Player68> +1 : charge is now2
[14:18:44] [Server thread/INFO]: <Player68> +1 : charge is now4
[14:18:44] [Client thread/INFO]: [CHAT] <Player68> +1 : charge is now4
[14:18:44] [Server thread/INFO]: <Player68> +1 : charge is now6
[14:18:44] [Client thread/INFO]: [CHAT] <Player68> +1 : charge is now6
[14:18:44] [Server thread/INFO]: <Player68> +1 : charge is now8
[14:18:44] [Client thread/INFO]: [CHAT] <Player68> +1 : charge is now8
[14:18:46] [Server thread/INFO]: <Player68> -1 : charge is now10
[14:18:46] [Client thread/INFO]: [CHAT] <Player68> -1 : charge is now10
[14:18:46] [Server thread/INFO]: Player68 hit the ground too hard
[14:18:46] [Client thread/INFO]: [CHAT] Player68 hit the ground too hard
[14:19:11] [Server thread/INFO]: <Player68> -1 : charge is now9
[14:19:11] [Client thread/INFO]: [CHAT] <Player68> -1 : charge is now9
[14:19:13] [Server thread/INFO]: <Player68> +1 : charge is now8
[14:19:13] [Client thread/INFO]: [CHAT] <Player68> +1 : charge is now8
[14:19:18] [Server thread/INFO]: <Player68> -1 : charge is now10
[14:19:18] [Client thread/INFO]: [CHAT] <Player68> -1 : charge is now10
[14:19:18] [Server thread/INFO]: <Player68> +1 : charge is now9
[14:19:18] [Client thread/INFO]: [CHAT] <Player68> +1 : charge is now9
